<?xml version="1.0" encoding="UTF-8"?>
<!-- Generated by org.testng.reporters.JUnitReportReporter -->
<testsuite skipped="0" hostname="LAPTOP-MBB7JRKJ" name="demoTestNg.BeforeAndAfterAnnotation" tests="4" failures="0" timestamp="11 Jan 2021 14:32:43 GMT" time="0.012" errors="0">
  <testcase name="logout" time="0.006" classname="demoTestNg.BeforeAndAfterAnnotation"/>
  <testcase name="login" time="0.003" classname="demoTestNg.BeforeAndAfterAnnotation"/>
  <testcase name="search" time="0.002" classname="demoTestNg.BeforeAndAfterAnnotation"/>
  <testcase name="createuser" time="0.001" classname="demoTestNg.BeforeAndAfterAnnotation"/>
</testsuite> <!-- demoTestNg.BeforeAndAfterAnnotation -->
