<?xml version="1.0" encoding="UTF-8"?>
<!-- Generated by org.testng.reporters.JUnitReportReporter -->
<testsuite skipped="0" hostname="LAPTOP-MBB7JRKJ" name="demoTestNg.DataProviderDemo" tests="7" failures="0" timestamp="2021-01-12T14:48:21 CST" time="26.365" errors="0">
  <testcase name="search" time="6.619" classname="demoTestNg.DataProviderDemo"/>
  <system-out/>
  <testcase name="search" time="6.164" classname="demoTestNg.DataProviderDemo"/>
  <system-out/>
  <testcase name="search" time="6.428" classname="demoTestNg.DataProviderDemo"/>
  <system-out/>
  <testcase name="createuser" time="0.001" classname="demoTestNg.DataProviderDemo"/>
  <system-out/>
  <testcase name="createuser" time="0.000" classname="demoTestNg.DataProviderDemo"/>
  <system-out/>
  <testcase name="createuser" time="0.001" classname="demoTestNg.DataProviderDemo"/>
  <system-out/>
  <testcase name="close" time="7.152" classname="demoTestNg.DataProviderDemo"/>
  <system-out/>
</testsuite> <!-- demoTestNg.DataProviderDemo -->
