<?xml version="1.0" encoding="UTF-8"?>
<!-- Generated by org.testng.reporters.JUnitReportReporter -->
<testsuite skipped="0" hostname="LAPTOP-MBB7JRKJ" name="demoTestNg.sampletest" tests="4" failures="0" timestamp="09 Jan 2021 23:18:03 GMT" time="13.727" errors="0">
  <testcase name="launchbrowser" time="9.359" classname="demoTestNg.sampletest"/>
  <testcase name="search" time="4.367" classname="demoTestNg.sampletest"/>
  <testcase name="createuser" time="0.000" classname="demoTestNg.sampletest"/>
  <testcase name="logout" time="0.001" classname="demoTestNg.sampletest"/>
</testsuite> <!-- demoTestNg.sampletest -->
