<?xml version="1.0" encoding="UTF-8"?>
<!-- Generated by org.testng.reporters.JUnitReportReporter -->
<testsuite skipped="0" hostname="LAPTOP-MBB7JRKJ" name="demoTestNg.Assertions" tests="4" failures="0" timestamp="2021-01-12T14:48:21 CST" time="29.169" errors="0">
  <testcase name="LaunchBrowser" time="15.843" classname="demoTestNg.Assertions"/>
  <system-out/>
  <testcase name="search" time="7.251" classname="demoTestNg.Assertions"/>
  <system-out/>
  <testcase name="createuser" time="0.000" classname="demoTestNg.Assertions"/>
  <system-out/>
  <testcase name="close" time="6.075" classname="demoTestNg.Assertions"/>
  <system-out/>
</testsuite> <!-- demoTestNg.Assertions -->
