<?xml version="1.0" encoding="UTF-8"?>
<!-- Generated by org.testng.reporters.JUnitReportReporter -->
<testsuite skipped="0" hostname="LAPTOP-MBB7JRKJ" name="jdbc.Appsearch$AppSearch" tests="6" failures="0" timestamp="20 Jan 2021 03:40:56 GMT" time="44.305" errors="0">
  <testcase name="searchDress" time="7.797" classname="jdbc.Appsearch$AppSearch"/>
  <testcase name="searchDress" time="7.727" classname="jdbc.Appsearch$AppSearch"/>
  <testcase name="searchDress" time="7.251" classname="jdbc.Appsearch$AppSearch"/>
  <testcase name="searchDress" time="7.091" classname="jdbc.Appsearch$AppSearch"/>
  <testcase name="searchDress" time="7.624" classname="jdbc.Appsearch$AppSearch"/>
  <testcase name="close" time="6.815" classname="jdbc.Appsearch$AppSearch"/>
</testsuite> <!-- jdbc.Appsearch$AppSearch -->
