<?xml version="1.0" encoding="UTF-8"?>
<!-- Generated by org.testng.reporters.JUnitReportReporter -->
<testsuite skipped="0" hostname="LAPTOP-MBB7JRKJ" name="demoTestNg.GroupingDemo" tests="2" failures="0" timestamp="09 Jan 2021 22:17:50 GMT" time="0.009" errors="0">
  <testcase name="createUser" time="0.006" classname="demoTestNg.GroupingDemo"/>
  <testcase name="removeUser" time="0.003" classname="demoTestNg.GroupingDemo"/>
</testsuite> <!-- demoTestNg.GroupingDemo -->
