<?xml version="1.0" encoding="UTF-8"?>
<!-- Generated by org.testng.reporters.JUnitReportReporter -->
<testsuite skipped="0" hostname="LAPTOP-MBB7JRKJ" name="demoTestNg.ParamsViaXML" tests="3" failures="0" timestamp="09 Jan 2021 23:26:19 GMT" time="10.009" errors="0">
  <testcase name="search" time="4.250" classname="demoTestNg.ParamsViaXML"/>
  <testcase name="create" time="0.001" classname="demoTestNg.ParamsViaXML"/>
  <testcase name="close" time="5.758" classname="demoTestNg.ParamsViaXML"/>
</testsuite> <!-- demoTestNg.ParamsViaXML -->
